This is pdfTeX, Version 3.141592653-2.6-1.40.22 (MiKTeX 21.2) (preloaded format=pdflatex 2021.3.4)  19 MAR 2021 16:21
entering extended mode
**/Users/nick/Work/surround/paper-tapp2021/car-atkinson.tex
(/Users/nick/Work/surround/paper-tapp2021/car-atkinson.tex
LaTeX2e <2020-10-01> patch level 4
L3 programming layer <2021-02-18> xparse <2020-03-03> (/Library/Application Support/MiKTeX/texmfs/install/tex/latex/base/article.cls
Document Class: article 2020/04/10 v1.4m Standard LaTeX document class
(/Library/Application Support/MiKTeX/texmfs/install/tex/latex/base/size10.clo
File: size10.clo 2020/04/10 v1.4m Standard LaTeX file (size option)
)
\c@part=\count179
\c@section=\count180
\c@subsection=\count181
\c@subsubsection=\count182
\c@paragraph=\count183
\c@subparagraph=\count184
\c@figure=\count185
\c@table=\count186
\abovecaptionskip=\skip47
\belowcaptionskip=\skip48
\bibindent=\dimen138
) (/Users/nick/Work/surround/paper-tapp2021/usenix-2020-09.sty (/Users/nick/Library/Application Support/MiKTeX/texmfs/install/tex/latex/psnfss/mathptmx.sty
Package: mathptmx 2020/03/25 PSNFSS-v9.3 Times w/ Math, improved (SPQR, WaS) 
LaTeX Font Info:    Redeclaring symbol font `operators' on input line 28.
LaTeX Font Info:    Overwriting symbol font `operators' in version `normal'
(Font)                  OT1/cmr/m/n --> OT1/ztmcm/m/n on input line 28.
LaTeX Font Info:    Overwriting symbol font `operators' in version `bold'
(Font)                  OT1/cmr/bx/n --> OT1/ztmcm/m/n on input line 28.
LaTeX Font Info:    Redeclaring symbol font `letters' on input line 29.
LaTeX Font Info:    Overwriting symbol font `letters' in version `normal'
(Font)                  OML/cmm/m/it --> OML/ztmcm/m/it on input line 29.
LaTeX Font Info:    Overwriting symbol font `letters' in version `bold'
(Font)                  OML/cmm/b/it --> OML/ztmcm/m/it on input line 29.
LaTeX Font Info:    Redeclaring symbol font `symbols' on input line 30.
LaTeX Font Info:    Overwriting symbol font `symbols' in version `normal'
(Font)                  OMS/cmsy/m/n --> OMS/ztmcm/m/n on input line 30.
LaTeX Font Info:    Overwriting symbol font `symbols' in version `bold'
(Font)                  OMS/cmsy/b/n --> OMS/ztmcm/m/n on input line 30.
LaTeX Font Info:    Redeclaring symbol font `largesymbols' on input line 31.
LaTeX Font Info:    Overwriting symbol font `largesymbols' in version `normal'
(Font)                  OMX/cmex/m/n --> OMX/ztmcm/m/n on input line 31.
LaTeX Font Info:    Overwriting symbol font `largesymbols' in version `bold'
(Font)                  OMX/cmex/m/n --> OMX/ztmcm/m/n on input line 31.
\symbold=\mathgroup4
\symitalic=\mathgroup5
LaTeX Font Info:    Redeclaring math alphabet \mathbf on input line 34.
LaTeX Font Info:    Overwriting math alphabet `\mathbf' in version `normal'
(Font)                  OT1/cmr/bx/n --> OT1/ptm/bx/n on input line 34.
LaTeX Font Info:    Overwriting math alphabet `\mathbf' in version `bold'
(Font)                  OT1/cmr/bx/n --> OT1/ptm/bx/n on input line 34.
LaTeX Font Info:    Redeclaring math alphabet \mathit on input line 35.
LaTeX Font Info:    Overwriting math alphabet `\mathit' in version `normal'
(Font)                  OT1/cmr/m/it --> OT1/ptm/m/it on input line 35.
LaTeX Font Info:    Overwriting math alphabet `\mathit' in version `bold'
(Font)                  OT1/cmr/bx/it --> OT1/ptm/m/it on input line 35.
LaTeX Info: Redefining \hbar on input line 50.
) (/Library/Application Support/MiKTeX/texmfs/install/tex/latex/base/fontenc.sty
Package: fontenc 2020/08/10 v2.0s Standard LaTeX package
LaTeX Font Info:    Trying to load font information for T1+ptm on input line 112.
 (/Users/nick/Library/Application Support/MiKTeX/texmfs/install/tex/latex/psnfss/t1ptm.fd
File: t1ptm.fd 2001/06/04 font definitions for T1/ptm.
)) (/Library/Application Support/MiKTeX/texmfs/install/tex/latex/base/inputenc.sty
Package: inputenc 2020/08/01 v1.3d Input encoding file
\inpenc@prehook=\toks15
\inpenc@posthook=\toks16
) (/Users/nick/Library/Application Support/MiKTeX/texmfs/install/tex/latex/pslatex/pslatex.sty
Package: pslatex 2021/01/13 v1.3 pslatex emulation (DPC)
LaTeX Font Info:    Redeclaring symbol font `operators' on input line 66.
LaTeX Font Info:    Overwriting symbol font `operators' in version `normal'
(Font)                  OT1/ztmcm/m/n --> OT1/ptmcm/m/n on input line 66.
LaTeX Font Info:    Overwriting symbol font `operators' in version `bold'
(Font)                  OT1/ztmcm/m/n --> OT1/ptmcm/m/n on input line 66.
LaTeX Font Info:    Redeclaring symbol font `letters' on input line 67.
LaTeX Font Info:    Overwriting symbol font `letters' in version `normal'
(Font)                  OML/ztmcm/m/it --> OML/ptmcm/m/it on input line 67.
LaTeX Font Info:    Overwriting symbol font `letters' in version `bold'
(Font)                  OML/ztmcm/m/it --> OML/ptmcm/m/it on input line 67.
LaTeX Font Info:    Redeclaring symbol font `symbols' on input line 68.
LaTeX Font Info:    Overwriting symbol font `symbols' in version `normal'
(Font)                  OMS/ztmcm/m/n --> OMS/pzccm/m/n on input line 68.
LaTeX Font Info:    Overwriting symbol font `symbols' in version `bold'
(Font)                  OMS/ztmcm/m/n --> OMS/pzccm/m/n on input line 68.
LaTeX Font Info:    Redeclaring symbol font `largesymbols' on input line 69.
LaTeX Font Info:    Overwriting symbol font `largesymbols' in version `normal'
(Font)                  OMX/ztmcm/m/n --> OMX/psycm/m/n on input line 69.
LaTeX Font Info:    Overwriting symbol font `largesymbols' in version `bold'
(Font)                  OMX/ztmcm/m/n --> OMX/psycm/m/n on input line 69.
LaTeX Font Info:    Redeclaring symbol font `bold' on input line 70.
LaTeX Font Info:    Overwriting symbol font `bold' in version `normal'
(Font)                  OT1/ptm/bx/n --> OT1/ptm/bx/n on input line 70.
LaTeX Font Info:    Overwriting symbol font `bold' in version `bold'
(Font)                  OT1/ptm/bx/n --> OT1/ptm/bx/n on input line 70.
LaTeX Font Info:    Redeclaring symbol font `italic' on input line 71.
LaTeX Font Info:    Overwriting symbol font `italic' in version `normal'
(Font)                  OT1/ptm/m/it --> OT1/ptm/m/it on input line 71.
LaTeX Font Info:    Overwriting symbol font `italic' in version `bold'
(Font)                  OT1/ptm/m/it --> OT1/ptm/m/it on input line 71.
LaTeX Font Info:    Redeclaring math alphabet \mathbf on input line 75.
LaTeX Font Info:    Overwriting math alphabet `\mathbf' in version `normal'
(Font)                  OT1/ptm/bx/n --> OT1/ptm/bx/n on input line 75.
LaTeX Font Info:    Overwriting math alphabet `\mathbf' in version `bold'
(Font)                  OT1/ptm/bx/n --> OT1/ptm/bx/n on input line 75.
LaTeX Font Info:    Redeclaring math alphabet \mathit on input line 76.
LaTeX Font Info:    Overwriting math alphabet `\mathit' in version `normal'
(Font)                  OT1/ptm/m/it --> OT1/ptm/m/it on input line 76.
LaTeX Font Info:    Overwriting math alphabet `\mathit' in version `bold'
(Font)                  OT1/ptm/m/it --> OT1/ptm/m/it on input line 76.
LaTeX Font Info:    Redeclaring math symbol \omicron on input line 80.
) (/Users/nick/Library/Application Support/MiKTeX/texmfs/install/tex/latex/microtype/microtype.sty
Package: microtype 2021/02/25 v2.8b Micro-typographical refinements (RS)
 (/Library/Application Support/MiKTeX/texmfs/install/tex/latex/graphics/keyval.sty
Package: keyval 2014/10/28 v1.15 key=value parser (DPC)
\KV@toks@=\toks17
)
\MT@toks=\toks18
\MT@count=\count187
LaTeX Info: Redefining \textls on input line 788.
\MT@outer@kern=\dimen139
LaTeX Info: Redefining \textmicrotypecontext on input line 1358.
\MT@listname@count=\count188
 (/Users/nick/Library/Application Support/MiKTeX/texmfs/install/tex/latex/microtype/microtype-pdftex.def
File: microtype-pdftex.def 2021/02/25 v2.8b Definitions specific to pdftex (RS)
LaTeX Info: Redefining \lsstyle on input line 915.
LaTeX Info: Redefining \lslig on input line 915.
\MT@outer@space=\skip49
)
Package microtype Info: Loading configuration file microtype.cfg.
 (/Users/nick/Library/Application Support/MiKTeX/texmfs/install/tex/latex/microtype/microtype.cfg
File: microtype.cfg 2021/02/25 v2.8b microtype main configuration file (RS)
)) (/Users/nick/Library/Application Support/MiKTeX/texmfs/install/tex/latex/cite/cite.sty
LaTeX Info: Redefining \cite on input line 302.
LaTeX Info: Redefining \nocite on input line 332.
Package: cite 2015/02/27  v 5.5
) (/Users/nick/Library/Application Support/MiKTeX/texmfs/install/tex/latex/breakurl/breakurl.sty
Package: breakurl 2013/04/10 v1.40 Breakable hyperref URLs
 (/Library/Application Support/MiKTeX/texmfs/install/tex/latex/xkeyval/xkeyval.sty
Package: xkeyval 2020/11/20 v2.8 package option processing (HA)
 (/Library/Application Support/MiKTeX/texmfs/install/tex/generic/xkeyval/xkeyval.tex (/Library/Application Support/MiKTeX/texmfs/install/tex/generic/xkeyval/xkvutils.tex
\XKV@toks=\toks19
\XKV@tempa@toks=\toks20
)
\XKV@depth=\count189
File: xkeyval.tex 2014/12/03 v2.7a key=value parser (HA)
)) (/Library/Application Support/MiKTeX/texmfs/install/tex/generic/iftex/ifpdf.sty
Package: ifpdf 2019/10/25 v3.4 ifpdf legacy package. Use iftex instead.
 (/Library/Application Support/MiKTeX/texmfs/install/tex/generic/iftex/iftex.sty
Package: iftex 2020/03/06 v1.0d TeX engine tests
))

Package breakurl Warning: You are using breakurl while processing via pdflatex.
(breakurl)                \burl will be just a synonym of \url.
(breakurl)                 on input line 48.

) (/Library/Application Support/MiKTeX/texmfs/install/tex/latex/url/url.sty
\Urlmuskip=\muskip16
Package: url 2013/09/16  ver 3.4  Verb mode for urls, etc.
) (/Library/Application Support/MiKTeX/texmfs/install/tex/latex/xcolor/xcolor.sty
Package: xcolor 2016/05/11 v2.12 LaTeX color extensions (UK)
 (/Library/Application Support/MiKTeX/texmfs/install/tex/latex/graphics-cfg/color.cfg
File: color.cfg 2016/01/02 v1.6 sample color configuration
)
Package xcolor Info: Driver file: pdftex.def on input line 225.
 (/Library/Application Support/MiKTeX/texmfs/install/tex/latex/graphics-def/pdftex.def
File: pdftex.def 2020/10/05 v1.2a Graphics/color driver for pdftex
)
Package xcolor Info: Model `cmy' substituted by `cmy0' on input line 1348.
Package xcolor Info: Model `hsb' substituted by `rgb' on input line 1352.
Package xcolor Info: Model `RGB' extended on input line 1364.
Package xcolor Info: Model `HTML' substituted by `rgb' on input line 1366.
Package xcolor Info: Model `Hsb' substituted by `hsb' on input line 1367.
Package xcolor Info: Model `tHsb' substituted by `hsb' on input line 1368.
Package xcolor Info: Model `HSB' substituted by `hsb' on input line 1369.
Package xcolor Info: Model `Gray' substituted by `gray' on input line 1370.
Package xcolor Info: Model `wave' substituted by `hsb' on input line 1371.
) (/Library/Application Support/MiKTeX/texmfs/install/tex/latex/hyperref/hyperref.sty
Package: hyperref 2021-02-27 v7.00k Hypertext links for LaTeX
 (/Users/nick/Library/Application Support/MiKTeX/texmfs/install/tex/generic/ltxcmds/ltxcmds.sty
Package: ltxcmds 2020-05-10 v1.25 LaTeX kernel commands for general use (HO)
) (/Library/Application Support/MiKTeX/texmfs/install/tex/generic/pdftexcmds/pdftexcmds.sty
Package: pdftexcmds 2020-06-27 v0.33 Utility functions of pdfTeX for LuaTeX (HO)
 (/Users/nick/Library/Application Support/MiKTeX/texmfs/install/tex/generic/infwarerr/infwarerr.sty
Package: infwarerr 2019/12/03 v1.5 Providing info/warning/error messages (HO)
)
Package pdftexcmds Info: \pdf@primitive is available.
Package pdftexcmds Info: \pdf@ifprimitive is available.
Package pdftexcmds Info: \pdfdraftmode found.
) (/Users/nick/Library/Application Support/MiKTeX/texmfs/install/tex/generic/kvsetkeys/kvsetkeys.sty
Package: kvsetkeys 2019/12/15 v1.18 Key value parser (HO)
) (/Users/nick/Library/Application Support/MiKTeX/texmfs/install/tex/generic/kvdefinekeys/kvdefinekeys.sty
Package: kvdefinekeys 2019-12-19 v1.6 Define keys (HO)
) (/Users/nick/Library/Application Support/MiKTeX/texmfs/install/tex/generic/pdfescape/pdfescape.sty
Package: pdfescape 2019/12/09 v1.15 Implements pdfTeX's escape features (HO)
) (/Users/nick/Library/Application Support/MiKTeX/texmfs/install/tex/latex/hycolor/hycolor.sty
Package: hycolor 2020-01-27 v1.10 Color options for hyperref/bookmark (HO)
) (/Users/nick/Library/Application Support/MiKTeX/texmfs/install/tex/latex/letltxmacro/letltxmacro.sty
Package: letltxmacro 2019/12/03 v1.6 Let assignment for LaTeX macros (HO)
) (/Users/nick/Library/Application Support/MiKTeX/texmfs/install/tex/latex/auxhook/auxhook.sty
Package: auxhook 2019-12-17 v1.6 Hooks for auxiliary files (HO)
) (/Users/nick/Library/Application Support/MiKTeX/texmfs/install/tex/latex/kvoptions/kvoptions.sty
Package: kvoptions 2020-10-07 v3.14 Key value format for package options (HO)
)
\@linkdim=\dimen140
\Hy@linkcounter=\count190
\Hy@pagecounter=\count191
 (/Library/Application Support/MiKTeX/texmfs/install/tex/latex/hyperref/pd1enc.def
File: pd1enc.def 2021-02-27 v7.00k Hyperref: PDFDocEncoding definition (HO)
Now handling font encoding PD1 ...
... no UTF-8 mapping file for font encoding PD1
) (/Library/Application Support/MiKTeX/texmfs/install/tex/latex/hyperref/hyperref-langpatches.def
File: hyperref-langpatches.def 2021-02-27 v7.00k Hyperref: patches for babel languages
) (/Users/nick/Library/Application Support/MiKTeX/texmfs/install/tex/generic/intcalc/intcalc.sty
Package: intcalc 2019/12/15 v1.3 Expandable calculations with integers (HO)
) (/Users/nick/Library/Application Support/MiKTeX/texmfs/install/tex/generic/etexcmds/etexcmds.sty
Package: etexcmds 2019/12/15 v1.7 Avoid name clashes with e-TeX commands (HO)
)
\Hy@SavedSpaceFactor=\count192
 (/Library/Application Support/MiKTeX/texmfs/install/tex/latex/hyperref/puenc.def
File: puenc.def 2021-02-27 v7.00k Hyperref: PDF Unicode definition (HO)
Now handling font encoding PU ...
... no UTF-8 mapping file for font encoding PU
)
Package hyperref Info: Hyper figures OFF on input line 4192.
Package hyperref Info: Link nesting OFF on input line 4197.
Package hyperref Info: Hyper index ON on input line 4200.
Package hyperref Info: Plain pages OFF on input line 4207.
Package hyperref Info: Backreferencing OFF on input line 4212.
Package hyperref Info: Implicit mode ON; LaTeX internals redefined.
Package hyperref Info: Bookmarks ON on input line 4445.
\c@Hy@tempcnt=\count193
LaTeX Info: Redefining \url on input line 4804.
\XeTeXLinkMargin=\dimen141
 (/Users/nick/Library/Application Support/MiKTeX/texmfs/install/tex/generic/bitset/bitset.sty
Package: bitset 2019/12/09 v1.3 Handle bit-vector datatype (HO)
 (/Users/nick/Library/Application Support/MiKTeX/texmfs/install/tex/generic/bigintcalc/bigintcalc.sty
Package: bigintcalc 2019/12/15 v1.5 Expandable calculations on big integers (HO)
))
\Fld@menulength=\count194
\Field@Width=\dimen142
\Fld@charsize=\dimen143
Package hyperref Info: Hyper figures OFF on input line 6075.
Package hyperref Info: Link nesting OFF on input line 6080.
Package hyperref Info: Hyper index ON on input line 6083.
Package hyperref Info: backreferencing OFF on input line 6090.
Package hyperref Info: Link coloring OFF on input line 6095.
Package hyperref Info: Link coloring with OCG OFF on input line 6100.
Package hyperref Info: PDF/A mode OFF on input line 6105.
LaTeX Info: Redefining \ref on input line 6145.
LaTeX Info: Redefining \pageref on input line 6149.
 (/Library/Application Support/MiKTeX/texmfs/install/tex/latex/base/atbegshi-ltx.sty
Package: atbegshi-ltx 2020/08/17 v1.0a Emulation of the original atbegshi package
with kernel methods
)
\Hy@abspage=\count195
\c@Item=\count196
\c@Hfootnote=\count197
)
Package hyperref Info: Driver (autodetected): hpdftex.
 (/Library/Application Support/MiKTeX/texmfs/install/tex/latex/hyperref/hpdftex.def
File: hpdftex.def 2021-02-27 v7.00k Hyperref driver for pdfTeX
 (/Library/Application Support/MiKTeX/texmfs/install/tex/latex/base/atveryend-ltx.sty
Package: atveryend-ltx 2020/08/19 v1.0a Emulation of the original atvery package
with kernel methods
)
\Fld@listcount=\count198
\c@bookmark@seq@number=\count199
 (/Users/nick/Library/Application Support/MiKTeX/texmfs/install/tex/latex/rerunfilecheck/rerunfilecheck.sty
Package: rerunfilecheck 2019/12/05 v1.9 Rerun checks for auxiliary files (HO)
 (/Users/nick/Library/Application Support/MiKTeX/texmfs/install/tex/generic/uniquecounter/uniquecounter.sty
Package: uniquecounter 2019/12/15 v1.4 Provide unlimited unique counter (HO)
)
Package uniquecounter Info: New unique counter `rerunfilecheck' on input line 286.
)
\Hy@SectionHShift=\skip50
)
Package hyperref Info: Option `colorlinks' set `true' on input line 50.
) (/Library/Application Support/MiKTeX/texmfs/install/tex/latex/pgf/frontendlayer/tikz.sty (/Library/Application Support/MiKTeX/texmfs/install/tex/latex/pgf/basiclayer/pgf.sty (/Library/Application Support/MiKTeX/texmfs/install/tex/latex/pgf/utilities/pgfrcs.sty (/Library/Application Support/MiKTeX/texmfs/install/tex/generic/pgf/utilities/pgfutil-common.tex
\pgfutil@everybye=\toks21
\pgfutil@tempdima=\dimen144
\pgfutil@tempdimb=\dimen145
 (/Library/Application Support/MiKTeX/texmfs/install/tex/generic/pgf/utilities/pgfutil-common-lists.tex)) (/Library/Application Support/MiKTeX/texmfs/install/tex/generic/pgf/utilities/pgfutil-latex.def
\pgfutil@abb=\box47
) (/Library/Application Support/MiKTeX/texmfs/install/tex/generic/pgf/utilities/pgfrcs.code.tex (/Library/Application Support/MiKTeX/texmfs/install/tex/generic/pgf/pgf.revision.tex)
Package: pgfrcs 2020/12/27 v3.1.8b (3.1.8b)
))
Package: pgf 2020/12/27 v3.1.8b (3.1.8b)
 (/Library/Application Support/MiKTeX/texmfs/install/tex/latex/pgf/basiclayer/pgfcore.sty (/Library/Application Support/MiKTeX/texmfs/install/tex/latex/graphics/graphicx.sty
Package: graphicx 2020/09/09 v1.2b Enhanced LaTeX Graphics (DPC,SPQR)
 (/Library/Application Support/MiKTeX/texmfs/install/tex/latex/graphics/graphics.sty
Package: graphics 2020/08/30 v1.4c Standard LaTeX Graphics (DPC,SPQR)
 (/Library/Application Support/MiKTeX/texmfs/install/tex/latex/graphics/trig.sty
Package: trig 2016/01/03 v1.10 sin cos tan (DPC)
) (/Library/Application Support/MiKTeX/texmfs/install/tex/latex/graphics-cfg/graphics.cfg
File: graphics.cfg 2016/06/04 v1.11 sample graphics configuration
)
Package graphics Info: Driver file: pdftex.def on input line 105.
)
\Gin@req@height=\dimen146
\Gin@req@width=\dimen147
) (/Library/Application Support/MiKTeX/texmfs/install/tex/latex/pgf/systemlayer/pgfsys.sty (/Library/Application Support/MiKTeX/texmfs/install/tex/generic/pgf/systemlayer/pgfsys.code.tex
Package: pgfsys 2020/12/27 v3.1.8b (3.1.8b)
 (/Library/Application Support/MiKTeX/texmfs/install/tex/generic/pgf/utilities/pgfkeys.code.tex
\pgfkeys@pathtoks=\toks22
\pgfkeys@temptoks=\toks23
 (/Library/Application Support/MiKTeX/texmfs/install/tex/generic/pgf/utilities/pgfkeysfiltered.code.tex
\pgfkeys@tmptoks=\toks24
))
\pgf@x=\dimen148
\pgf@y=\dimen149
\pgf@xa=\dimen150
\pgf@ya=\dimen151
\pgf@xb=\dimen152
\pgf@yb=\dimen153
\pgf@xc=\dimen154
\pgf@yc=\dimen155
\pgf@xd=\dimen156
\pgf@yd=\dimen157
\w@pgf@writea=\write3
\r@pgf@reada=\read2
\c@pgf@counta=\count266
\c@pgf@countb=\count267
\c@pgf@countc=\count268
\c@pgf@countd=\count269
\t@pgf@toka=\toks25
\t@pgf@tokb=\toks26
\t@pgf@tokc=\toks27
\pgf@sys@id@count=\count270
 (/Library/Application Support/MiKTeX/texmfs/install/tex/generic/pgf/systemlayer/pgf.cfg
File: pgf.cfg 2020/12/27 v3.1.8b (3.1.8b)
)
Driver file for pgf: pgfsys-pdftex.def
 (/Library/Application Support/MiKTeX/texmfs/install/tex/generic/pgf/systemlayer/pgfsys-pdftex.def
File: pgfsys-pdftex.def 2020/12/27 v3.1.8b (3.1.8b)
 (/Library/Application Support/MiKTeX/texmfs/install/tex/generic/pgf/systemlayer/pgfsys-common-pdf.def
File: pgfsys-common-pdf.def 2020/12/27 v3.1.8b (3.1.8b)
))) (/Library/Application Support/MiKTeX/texmfs/install/tex/generic/pgf/systemlayer/pgfsyssoftpath.code.tex
File: pgfsyssoftpath.code.tex 2020/12/27 v3.1.8b (3.1.8b)
\pgfsyssoftpath@smallbuffer@items=\count271
\pgfsyssoftpath@bigbuffer@items=\count272
) (/Library/Application Support/MiKTeX/texmfs/install/tex/generic/pgf/systemlayer/pgfsysprotocol.code.tex
File: pgfsysprotocol.code.tex 2020/12/27 v3.1.8b (3.1.8b)
)) (/Library/Application Support/MiKTeX/texmfs/install/tex/generic/pgf/basiclayer/pgfcore.code.tex
Package: pgfcore 2020/12/27 v3.1.8b (3.1.8b)
 (/Library/Application Support/MiKTeX/texmfs/install/tex/generic/pgf/math/pgfmath.code.tex (/Library/Application Support/MiKTeX/texmfs/install/tex/generic/pgf/math/pgfmathcalc.code.tex (/Library/Application Support/MiKTeX/texmfs/install/tex/generic/pgf/math/pgfmathutil.code.tex) (/Library/Application Support/MiKTeX/texmfs/install/tex/generic/pgf/math/pgfmathparser.code.tex
\pgfmath@dimen=\dimen158
\pgfmath@count=\count273
\pgfmath@box=\box48
\pgfmath@toks=\toks28
\pgfmath@stack@operand=\toks29
\pgfmath@stack@operation=\toks30
) (/Library/Application Support/MiKTeX/texmfs/install/tex/generic/pgf/math/pgfmathfunctions.code.tex (/Library/Application Support/MiKTeX/texmfs/install/tex/generic/pgf/math/pgfmathfunctions.basic.code.tex) (/Library/Application Support/MiKTeX/texmfs/install/tex/generic/pgf/math/pgfmathfunctions.trigonometric.code.tex) (/Library/Application Support/MiKTeX/texmfs/install/tex/generic/pgf/math/pgfmathfunctions.random.code.tex) (/Library/Application Support/MiKTeX/texmfs/install/tex/generic/pgf/math/pgfmathfunctions.comparison.code.tex) (/Library/Application Support/MiKTeX/texmfs/install/tex/generic/pgf/math/pgfmathfunctions.base.code.tex) (/Library/Application Support/MiKTeX/texmfs/install/tex/generic/pgf/math/pgfmathfunctions.round.code.tex) (/Library/Application Support/MiKTeX/texmfs/install/tex/generic/pgf/math/pgfmathfunctions.misc.code.tex) (/Library/Application Support/MiKTeX/texmfs/install/tex/generic/pgf/math/pgfmathfunctions.integerarithmetics.code.tex))) (/Library/Application Support/MiKTeX/texmfs/install/tex/generic/pgf/math/pgfmathfloat.code.tex
\c@pgfmathroundto@lastzeros=\count274
)) (/Library/Application Support/MiKTeX/texmfs/install/tex/generic/pgf/math/pgfint.code.tex) (/Library/Application Support/MiKTeX/texmfs/install/tex/generic/pgf/basiclayer/pgfcorepoints.code.tex
File: pgfcorepoints.code.tex 2020/12/27 v3.1.8b (3.1.8b)
\pgf@picminx=\dimen159
\pgf@picmaxx=\dimen160
\pgf@picminy=\dimen161
\pgf@picmaxy=\dimen162
\pgf@pathminx=\dimen163
\pgf@pathmaxx=\dimen164
\pgf@pathminy=\dimen165
\pgf@pathmaxy=\dimen166
\pgf@xx=\dimen167
\pgf@xy=\dimen168
\pgf@yx=\dimen169
\pgf@yy=\dimen170
\pgf@zx=\dimen171
\pgf@zy=\dimen172
) (/Library/Application Support/MiKTeX/texmfs/install/tex/generic/pgf/basiclayer/pgfcorepathconstruct.code.tex
File: pgfcorepathconstruct.code.tex 2020/12/27 v3.1.8b (3.1.8b)
\pgf@path@lastx=\dimen173
\pgf@path@lasty=\dimen174
) (/Library/Application Support/MiKTeX/texmfs/install/tex/generic/pgf/basiclayer/pgfcorepathusage.code.tex
File: pgfcorepathusage.code.tex 2020/12/27 v3.1.8b (3.1.8b)
\pgf@shorten@end@additional=\dimen175
\pgf@shorten@start@additional=\dimen176
) (/Library/Application Support/MiKTeX/texmfs/install/tex/generic/pgf/basiclayer/pgfcorescopes.code.tex
File: pgfcorescopes.code.tex 2020/12/27 v3.1.8b (3.1.8b)
\pgfpic=\box49
\pgf@hbox=\box50
\pgf@layerbox@main=\box51
\pgf@picture@serial@count=\count275
) (/Library/Application Support/MiKTeX/texmfs/install/tex/generic/pgf/basiclayer/pgfcoregraphicstate.code.tex
File: pgfcoregraphicstate.code.tex 2020/12/27 v3.1.8b (3.1.8b)
\pgflinewidth=\dimen177
) (/Library/Application Support/MiKTeX/texmfs/install/tex/generic/pgf/basiclayer/pgfcoretransformations.code.tex
File: pgfcoretransformations.code.tex 2020/12/27 v3.1.8b (3.1.8b)
\pgf@pt@x=\dimen178
\pgf@pt@y=\dimen179
\pgf@pt@temp=\dimen180
) (/Library/Application Support/MiKTeX/texmfs/install/tex/generic/pgf/basiclayer/pgfcorequick.code.tex
File: pgfcorequick.code.tex 2020/12/27 v3.1.8b (3.1.8b)
) (/Library/Application Support/MiKTeX/texmfs/install/tex/generic/pgf/basiclayer/pgfcoreobjects.code.tex
File: pgfcoreobjects.code.tex 2020/12/27 v3.1.8b (3.1.8b)
) (/Library/Application Support/MiKTeX/texmfs/install/tex/generic/pgf/basiclayer/pgfcorepathprocessing.code.tex
File: pgfcorepathprocessing.code.tex 2020/12/27 v3.1.8b (3.1.8b)
) (/Library/Application Support/MiKTeX/texmfs/install/tex/generic/pgf/basiclayer/pgfcorearrows.code.tex
File: pgfcorearrows.code.tex 2020/12/27 v3.1.8b (3.1.8b)
\pgfarrowsep=\dimen181
) (/Library/Application Support/MiKTeX/texmfs/install/tex/generic/pgf/basiclayer/pgfcoreshade.code.tex
File: pgfcoreshade.code.tex 2020/12/27 v3.1.8b (3.1.8b)
\pgf@max=\dimen182
\pgf@sys@shading@range@num=\count276
\pgf@shadingcount=\count277
) (/Library/Application Support/MiKTeX/texmfs/install/tex/generic/pgf/basiclayer/pgfcoreimage.code.tex
File: pgfcoreimage.code.tex 2020/12/27 v3.1.8b (3.1.8b)
 (/Library/Application Support/MiKTeX/texmfs/install/tex/generic/pgf/basiclayer/pgfcoreexternal.code.tex
File: pgfcoreexternal.code.tex 2020/12/27 v3.1.8b (3.1.8b)
\pgfexternal@startupbox=\box52
)) (/Library/Application Support/MiKTeX/texmfs/install/tex/generic/pgf/basiclayer/pgfcorelayers.code.tex
File: pgfcorelayers.code.tex 2020/12/27 v3.1.8b (3.1.8b)
) (/Library/Application Support/MiKTeX/texmfs/install/tex/generic/pgf/basiclayer/pgfcoretransparency.code.tex
File: pgfcoretransparency.code.tex 2020/12/27 v3.1.8b (3.1.8b)
) (/Library/Application Support/MiKTeX/texmfs/install/tex/generic/pgf/basiclayer/pgfcorepatterns.code.tex
File: pgfcorepatterns.code.tex 2020/12/27 v3.1.8b (3.1.8b)
) (/Library/Application Support/MiKTeX/texmfs/install/tex/generic/pgf/basiclayer/pgfcorerdf.code.tex
File: pgfcorerdf.code.tex 2020/12/27 v3.1.8b (3.1.8b)
))) (/Library/Application Support/MiKTeX/texmfs/install/tex/generic/pgf/modules/pgfmoduleshapes.code.tex
File: pgfmoduleshapes.code.tex 2020/12/27 v3.1.8b (3.1.8b)
\pgfnodeparttextbox=\box53
) (/Library/Application Support/MiKTeX/texmfs/install/tex/generic/pgf/modules/pgfmoduleplot.code.tex
File: pgfmoduleplot.code.tex 2020/12/27 v3.1.8b (3.1.8b)
) (/Library/Application Support/MiKTeX/texmfs/install/tex/latex/pgf/compatibility/pgfcomp-version-0-65.sty
Package: pgfcomp-version-0-65 2020/12/27 v3.1.8b (3.1.8b)
\pgf@nodesepstart=\dimen183
\pgf@nodesepend=\dimen184
) (/Library/Application Support/MiKTeX/texmfs/install/tex/latex/pgf/compatibility/pgfcomp-version-1-18.sty
Package: pgfcomp-version-1-18 2020/12/27 v3.1.8b (3.1.8b)
)) (/Library/Application Support/MiKTeX/texmfs/install/tex/latex/pgf/utilities/pgffor.sty (/Library/Application Support/MiKTeX/texmfs/install/tex/latex/pgf/utilities/pgfkeys.sty (/Library/Application Support/MiKTeX/texmfs/install/tex/generic/pgf/utilities/pgfkeys.code.tex)) (/Library/Application Support/MiKTeX/texmfs/install/tex/latex/pgf/math/pgfmath.sty (/Library/Application Support/MiKTeX/texmfs/install/tex/generic/pgf/math/pgfmath.code.tex)) (/Library/Application Support/MiKTeX/texmfs/install/tex/generic/pgf/utilities/pgffor.code.tex
Package: pgffor 2020/12/27 v3.1.8b (3.1.8b)
 (/Library/Application Support/MiKTeX/texmfs/install/tex/generic/pgf/math/pgfmath.code.tex)
\pgffor@iter=\dimen185
\pgffor@skip=\dimen186
\pgffor@stack=\toks31
\pgffor@toks=\toks32
)) (/Library/Application Support/MiKTeX/texmfs/install/tex/generic/pgf/frontendlayer/tikz/tikz.code.tex
Package: tikz 2020/12/27 v3.1.8b (3.1.8b)
 (/Library/Application Support/MiKTeX/texmfs/install/tex/generic/pgf/libraries/pgflibraryplothandlers.code.tex
File: pgflibraryplothandlers.code.tex 2020/12/27 v3.1.8b (3.1.8b)
\pgf@plot@mark@count=\count278
\pgfplotmarksize=\dimen187
)
\tikz@lastx=\dimen188
\tikz@lasty=\dimen189
\tikz@lastxsaved=\dimen190
\tikz@lastysaved=\dimen191
\tikz@lastmovetox=\dimen192
\tikz@lastmovetoy=\dimen193
\tikzleveldistance=\dimen194
\tikzsiblingdistance=\dimen195
\tikz@figbox=\box54
\tikz@figbox@bg=\box55
\tikz@tempbox=\box56
\tikz@tempbox@bg=\box57
\tikztreelevel=\count279
\tikznumberofchildren=\count280
\tikznumberofcurrentchild=\count281
\tikz@fig@count=\count282
 (/Library/Application Support/MiKTeX/texmfs/install/tex/generic/pgf/modules/pgfmodulematrix.code.tex
File: pgfmodulematrix.code.tex 2020/12/27 v3.1.8b (3.1.8b)
\pgfmatrixcurrentrow=\count283
\pgfmatrixcurrentcolumn=\count284
\pgf@matrix@numberofcolumns=\count285
)
\tikz@expandcount=\count286
 (/Library/Application Support/MiKTeX/texmfs/install/tex/generic/pgf/frontendlayer/tikz/libraries/tikzlibrarytopaths.code.tex
File: tikzlibrarytopaths.code.tex 2020/12/27 v3.1.8b (3.1.8b)
))) (/Library/Application Support/MiKTeX/texmfs/install/tex/latex/amsmath/amsmath.sty
Package: amsmath 2020/09/23 v2.17i AMS math features
\@mathmargin=\skip51

For additional information on amsmath, use the `?' option.
(/Library/Application Support/MiKTeX/texmfs/install/tex/latex/amsmath/amstext.sty
Package: amstext 2000/06/29 v2.01 AMS text
 (/Library/Application Support/MiKTeX/texmfs/install/tex/latex/amsmath/amsgen.sty
File: amsgen.sty 1999/11/30 v2.0 generic functions
\@emptytoks=\toks33
\ex@=\dimen196
)) (/Library/Application Support/MiKTeX/texmfs/install/tex/latex/amsmath/amsbsy.sty
Package: amsbsy 1999/11/29 v1.2d Bold Symbols
\pmbraise@=\dimen197
) (/Library/Application Support/MiKTeX/texmfs/install/tex/latex/amsmath/amsopn.sty
Package: amsopn 2016/03/08 v2.02 operator names
)
\inf@bad=\count287
LaTeX Info: Redefining \frac on input line 234.
\uproot@=\count288
\leftroot@=\count289
LaTeX Info: Redefining \overline on input line 399.
\classnum@=\count290
\DOTSCASE@=\count291
LaTeX Info: Redefining \ldots on input line 496.
LaTeX Info: Redefining \dots on input line 499.
LaTeX Info: Redefining \cdots on input line 620.
\Mathstrutbox@=\box58
\strutbox@=\box59
\big@size=\dimen198
LaTeX Font Info:    Redeclaring font encoding OML on input line 743.
LaTeX Font Info:    Redeclaring font encoding OMS on input line 744.
\macc@depth=\count292
\c@MaxMatrixCols=\count293
\dotsspace@=\muskip17
\c@parentequation=\count294
\dspbrk@lvl=\count295
\tag@help=\toks34
\row@=\count296
\column@=\count297
\maxfields@=\count298
\andhelp@=\toks35
\eqnshift@=\dimen199
\alignsep@=\dimen256
\tagshift@=\dimen257
\tagwidth@=\dimen258
\totwidth@=\dimen259
\lineht@=\dimen260
\@envbody=\toks36
\multlinegap=\skip52
\multlinetaggap=\skip53
\mathdisplay@stack=\toks37
LaTeX Info: Redefining \[ on input line 2923.
LaTeX Info: Redefining \] on input line 2924.
) (/Library/Application Support/MiKTeX/texmfs/install/tex/latex/l3backend/l3backend-pdftex.def
File: l3backend-pdftex.def 2021-03-02 L3 backend support: PDF output (pdfTeX)
\l__color_backend_stack_int=\count299
\l__pdf_internal_box=\box60
) (/Users/nick/Work/surround/paper-tapp2021/car-atkinson.aux)
\openout1 = `car-atkinson.aux'.

LaTeX Font Info:    Checking defaults for OML/cmm/m/it on input line 22.
LaTeX Font Info:    ... okay on input line 22.
LaTeX Font Info:    Checking defaults for OMS/pzccm/m/n on input line 22.
LaTeX Font Info:    Trying to load font information for OMS+pzccm on input line 22.
 (/Users/nick/Library/Application Support/MiKTeX/texmfs/install/tex/latex/psnfss/omspzccm.fd
File: omspzccm.fd 2000/01/03 Fontinst v1.801 font definitions for OMS/pzccm.
)
LaTeX Font Info:    ... okay on input line 22.
LaTeX Font Info:    Checking defaults for OT1/cmr/m/n on input line 22.
LaTeX Font Info:    ... okay on input line 22.
LaTeX Font Info:    Checking defaults for T1/cmr/m/n on input line 22.
LaTeX Font Info:    ... okay on input line 22.
LaTeX Font Info:    Checking defaults for TS1/cmr/m/n on input line 22.
LaTeX Font Info:    ... okay on input line 22.
LaTeX Font Info:    Checking defaults for OMX/cmex/m/n on input line 22.
LaTeX Font Info:    ... okay on input line 22.
LaTeX Font Info:    Checking defaults for U/cmr/m/n on input line 22.
LaTeX Font Info:    ... okay on input line 22.
LaTeX Font Info:    Checking defaults for PD1/pdf/m/n on input line 22.
LaTeX Font Info:    ... okay on input line 22.
LaTeX Font Info:    Checking defaults for PU/pdf/m/n on input line 22.
LaTeX Font Info:    ... okay on input line 22.
LaTeX Info: Redefining \microtypecontext on input line 22.
Package microtype Info: Generating PDF output.
Package microtype Info: Character protrusion enabled (level 2).
Package microtype Info: Using default protrusion set `alltext'.
Package microtype Info: Automatic font expansion enabled (level 2),
(microtype)             stretch: 20, shrink: 20, step: 1, non-selected.
Package microtype Info: Using default expansion set `alltext-nott'.
LaTeX Info: Redefining \showhyphens on input line 22.
Package microtype Info: No adjustment of tracking.
Package microtype Info: Adjustment of interword spacing enabled.
Package microtype Info: Using default spacing set `alltext-nott'.
Package microtype Info: Adjustment of character kerning enabled.
Package microtype Info: Using default kerning set `alltext'.
 (/Users/nick/Library/Application Support/MiKTeX/texmfs/install/tex/latex/microtype/mt-ptm.cfg
File: mt-ptm.cfg 2006/04/20 v1.7 microtype config. file: Times (RS)
)

Package microtype Warning: \nonfrenchspacing is active. Adjustment of
(microtype)                interword spacing will disable it. You might want
(microtype)                to add `\microtypecontext{spacing=nonfrench}'
(microtype)                to your preamble.

(/Library/Application Support/MiKTeX/texmfs/install/tex/context/base/mkii/supp-pdf.mkii
[Loading MPS to PDF converter (version 2006.09.02).]
\scratchcounter=\count300
\scratchdimen=\dimen261
\scratchbox=\box61
\nofMPsegments=\count301
\nofMParguments=\count302
\everyMPshowfont=\toks38
\MPscratchCnt=\count303
\MPscratchDim=\dimen262
\MPnumerator=\count304
\makeMPintoPDFobject=\count305
\everyMPtoPDFconversion=\toks39
) (/Library/Application Support/MiKTeX/texmfs/install/tex/latex/epstopdf-pkg/epstopdf-base.sty
Package: epstopdf-base 2020-01-24 v2.11 Base part for package epstopdf
 (/Users/nick/Library/Application Support/MiKTeX/texmfs/install/tex/latex/grfext/grfext.sty
Package: grfext 2019/12/03 v1.3 Manage graphics extensions (HO)
)
Package epstopdf-base Info: Redefining graphics rule for `.eps' on input line 485.
Package grfext Info: Graphics extension search list:
(grfext)             [.pdf,.png,.jpg,.mps,.jpeg,.jbig2,.jb2,.PDF,.PNG,.JPG,.JPEG,.JBIG2,.JB2,.eps]
(grfext)             \AppendGraphicsExtensions on input line 504.
)
Package hyperref Info: Link coloring ON on input line 22.
 (/Library/Application Support/MiKTeX/texmfs/install/tex/latex/hyperref/nameref.sty
Package: nameref 2021-04-02 v2.47 Cross-referencing by name of section
 (/Users/nick/Library/Application Support/MiKTeX/texmfs/install/tex/latex/refcount/refcount.sty
Package: refcount 2019/12/15 v3.6 Data extraction from label references (HO)
) (/Users/nick/Library/Application Support/MiKTeX/texmfs/install/tex/generic/gettitlestring/gettitlestring.sty
Package: gettitlestring 2019/12/15 v1.6 Cleanup title references (HO)
)
\c@section@level=\count306
)
LaTeX Info: Redefining \ref on input line 22.
LaTeX Info: Redefining \pageref on input line 22.
LaTeX Info: Redefining \nameref on input line 22.
\@outlinefile=\write4
\openout4 = `car-atkinson.out'.

LaTeX Font Info:    Trying to load font information for OT1+ptmcm on input line 44.
 (/Users/nick/Library/Application Support/MiKTeX/texmfs/install/tex/latex/psnfss/ot1ptmcm.fd
File: ot1ptmcm.fd 2000/01/03 Fontinst v1.801 font definitions for OT1/ptmcm.
)
Package microtype Info: Loading generic protrusion settings for font family
(microtype)             `ptmcm' (encoding: OT1).
(microtype)             For optimal results, create family-specific settings.
(microtype)             See the microtype manual for details.
LaTeX Font Info:    Trying to load font information for OML+ptmcm on input line 44.
 (/Users/nick/Library/Application Support/MiKTeX/texmfs/install/tex/latex/psnfss/omlptmcm.fd
File: omlptmcm.fd 2000/01/03 Fontinst v1.801 font definitions for OML/ptmcm.
)
LaTeX Font Info:    Trying to load font information for OMX+psycm on input line 44.
 (/Users/nick/Library/Application Support/MiKTeX/texmfs/install/tex/latex/psnfss/omxpsycm.fd
File: omxpsycm.fd 2000/01/03 Fontinst v1.801 font definitions for OMX/psycm.
)
LaTeX Font Info:    Font shape `OT1/ptm/bx/n' in size <12> not available
(Font)              Font shape `OT1/ptm/b/n' tried instead on input line 44.
LaTeX Font Info:    Font shape `OT1/ptm/bx/n' in size <9> not available
(Font)              Font shape `OT1/ptm/b/n' tried instead on input line 44.
LaTeX Font Info:    Font shape `OT1/ptm/bx/n' in size <7> not available
(Font)              Font shape `OT1/ptm/b/n' tried instead on input line 44.

Underfull \hbox (badness 4673) in paragraph at lines 53--60
\T1/ptm/m/n/10 (+20) company focused on explainable AI and knowledge
 []


Underfull \hbox (badness 3179) in paragraph at lines 53--60
\T1/ptm/m/n/10 (+20) is standardised provenance tracking using the PROV
 []


Underfull \hbox (badness 2856) in paragraph at lines 61--69
\T1/ptm/m/n/10 (+20) important business workflows by using either our in-
 []


Underfull \hbox (badness 1057) in paragraph at lines 74--80
\T1/ptm/m/n/10 (+20) attempts to distinguish itself from competitors through
 []

LaTeX Font Info:    Trying to load font information for TS1+ptm on input line 82.
(/Users/nick/Library/Application Support/MiKTeX/texmfs/install/tex/latex/psnfss/ts1ptm.fd
File: ts1ptm.fd 2001/06/04 font definitions for TS1/ptm.
)

LaTeX Warning: Citation `dan_brickley_rdf_2014' on page 1 undefined on input line 82.


LaTeX Warning: Citation `w3c_owl_working_group_owl_2012' on page 1 undefined on input line 82.


LaTeX Warning: Citation `knublauch_shapes_2017' on page 1 undefined on input line 88.


Underfull \hbox (badness 3291) in paragraph at lines 88--89
[]\T1/ptm/m/n/10 (+20) the data validation power of modern constraints
 []


LaTeX Warning: Citation `moreau_prov-dm_2013' on page 1 undefined on input line 93.


LaTeX Warning: Citation `lebo_prov-o:_2013' on page 1 undefined on input line 94.

LaTeX Font Info:    Font shape `OT1/ptm/bx/n' in size <10> not available
(Font)              Font shape `OT1/ptm/b/n' tried instead on input line 113.
LaTeX Font Info:    Font shape `OT1/ptm/bx/n' in size <7.4> not available
(Font)              Font shape `OT1/ptm/b/n' tried instead on input line 113.
LaTeX Font Info:    Font shape `OT1/ptm/bx/n' in size <6> not available
(Font)              Font shape `OT1/ptm/b/n' tried instead on input line 113.
LaTeX Font Info:    Font shape `OT1/ptm/bx/n' in size <8> not available
(Font)              Font shape `OT1/ptm/b/n' tried instead on input line 114.
LaTeX Font Info:    Font shape `OT1/ptm/bx/n' in size <5> not available
(Font)              Font shape `OT1/ptm/b/n' tried instead on input line 114.
Package microtype Info: Loading generic protrusion settings for font family
(microtype)             `pcr' (encoding: T1).
(microtype)             For optimal results, create family-specific settings.
(microtype)             See the microtype manual for details.
[1{/Users/nick/Library/Application Support/MiKTeX/texmfs/data/pdftex/config/pdftex.map}


]

LaTeX Warning: Reference `fig:overview' on page 2 undefined on input line 117.

<images/overview.png, id=20, 551.05875pt x 176.15813pt>
File: images/overview.png Graphic file (type png)
<use images/overview.png>
Package pdftex.def Info: images/overview.png  used on input line 123.
(pdftex.def)             Requested size: 505.89pt x 161.72606pt.

LaTeX Warning: Reference `fig:overview' on page 2 undefined on input line 129.


Underfull \hbox (badness 10000) in paragraph at lines 134--134
[][][][][]$\T1/pcr/m/n/8 https : / / www . topquadrant . com / products /
 []


Underfull \hbox (badness 3872) in paragraph at lines 136--137
[]\T1/ptm/m/n/10 (+20) SOP records PROV-DM provenance for all
 []


LaTeX Warning: Citation `tom_de_nies_git2prov_nodate' on page 2 undefined on input line 152.

/Users/nick/Work/surround/paper-tapp2021/car-atkinson.tex:152: Undefined control sequence.
l.152 ...dentifiers for versions of PROV-DM \textt
                                                  {Entities} using Git and r...
The control sequence at the end of the top line
of your error message was never \def'ed. If you have
misspelled it (e.g., `\hobx'), type `I' and the correct
spelling (e.g., `I\hbox'). Otherwise just continue,
and I'll forget about whatever was undefined.


Underfull \hbox (badness 1968) in paragraph at lines 152--153
[]\T1/ptm/m/n/10 (+20) although we know of Git-to-PROV mapping
 []


Underfull \hbox (badness 4647) in paragraph at lines 156--157
[]\T1/ptm/m/n/10 (+20) In addition to these provenance-specific tools, we
 []


Underfull \hbox (badness 2293) in paragraph at lines 161--162
[]\T1/ptm/m/n/10 (+20) a general-purpose RDF manipulation library,
 []


Underfull \hbox (badness 4752) in paragraph at lines 163--164
[]\T1/ptm/m/n/10 (+20) used to create reified provenance for RDF
 []


Underfull \hbox (badness 1112) in paragraph at lines 199--204
[]\T1/ptm/m/n/10 (+20) And the 'cite' package sorts your citations by their
 []


LaTeX Warning: Reference `sec:figs' on page 2 undefined on input line 210.

[2]

LaTeX Warning: Reference `fig:vectors' on page 3 undefined on input line 244.


LaTeX Warning: Reference `fig:vectors' on page 3 undefined on input line 245.


Underfull \hbox (badness 6641) in paragraph at lines 281--285
\T1/ptm/m/n/10 (+20) USENIX program committees give extra points to
 []

No file car-atkinson.bbl.
[3 </Users/nick/Work/surround/paper-tapp2021/images/overview.png>] (/Users/nick/Work/surround/paper-tapp2021/car-atkinson.aux)

LaTeX Warning: There were undefined references.


LaTeX Warning: Label(s) may have changed. Rerun to get cross-references right.


Package rerunfilecheck Warning: File `car-atkinson.out' has changed.
(rerunfilecheck)                Rerun to get outlines right
(rerunfilecheck)                or use package `bookmark'.

Package rerunfilecheck Info: Checksums for `car-atkinson.out':
(rerunfilecheck)             Before: <no file>
(rerunfilecheck)             After:  A68461C697865DEA46C0DAEDE5599AB7;736.
 ) 
Here is how much of TeX's memory you used:
 21497 strings out of 481267
 398138 string characters out of 2907334
 695167 words of memory out of 3000000
 38081 multiletter control sequences out of 15000+200000
 465797 words of font info for 229 fonts, out of 3000000 for 9000
 0 hyphenation exceptions out of 8191
 113i,10n,116p,493b,743s stack positions out of 5000i,500n,10000p,200000b,50000s
{/Library/Application Support/MiKTeX/texmfs/install/fonts/enc/dvips/base/8r.enc}</Library/Application Support/MiKTeX/texmfs/install/fonts/type1/public/amsfonts/cm/cmsy10.pfb></Library/Application Support/MiKTeX/texmfs/install/fonts/type1/urw/courier/ucrr8a.pfb></Library/Application Support/MiKTeX/texmfs/install/fonts/type1/urw/times/utmb8a.pfb></Library/Application Support/MiKTeX/texmfs/install/fonts/type1/urw/times/utmr8a.pfb></Library/Application Support/MiKTeX/texmfs/install/fonts/type1/urw/times/utmri8a.pfb>
Output written on /Users/nick/Work/surround/paper-tapp2021/car-atkinson.pdf (3 pages, 108881 bytes).
PDF statistics:
 74 PDF objects out of 1000 (max. 8388607)
 17 named destinations out of 1000 (max. 500000)
 82962 words of extra memory for PDF output out of 89155 (max. 10000000)

